<?xml version="1.0" encoding="UTF-8"?>
<testng-results ignored="0" total="1" passed="1" failed="0" skipped="0">
  <reporter-output>
  </reporter-output>
  <suite started-at="2024-02-01T16:26:09 EST" name="Default suite" finished-at="2024-02-01T16:26:13 EST" duration-ms="3846">
    <groups>
    </groups>
    <test started-at="2024-02-01T16:26:09 EST" name="Default test" finished-at="2024-02-01T16:26:13 EST" duration-ms="3846">
      <class name="tests.PathAndQueryParameters">
        <test-method signature="testQueryPara()[pri:0, instance:tests.PathAndQueryParameters@52b1beb6]" started-at="2024-02-01T16:26:09 EST" name="testQueryPara" finished-at="2024-02-01T16:26:13 EST" duration-ms="3703" status="PASS">
          <reporter-output>
          </reporter-output>
        </test-method> <!-- testQueryPara -->
      </class> <!-- tests.PathAndQueryParameters -->
    </test> <!-- Default test -->
  </suite> <!-- Default suite -->
</testng-results>
